<?xml version="1.0" encoding="UTF-8"?>
<!-- Generated by org.testng.reporters.JUnitReportReporter -->
<testsuite hostname="TAPAN-PC" failures="0" tests="4" name="tests.LoginTest" time="120.829" errors="0" timestamp="02 Jan. 2022 01:27:13 GMT" skipped="0">
  <testcase classname="tests.LoginTest" name="loginWithWrongEmailPasswordTest" time="16.761"/>
  <testcase classname="tests.LoginTest" name="loginWithEmptyEmailTest" time="20.361"/>
  <testcase classname="tests.LoginTest" name="loginWithEmptyPasswordTest" time="70.893"/>
  <testcase classname="tests.LoginTest" name="loginWithinvalidEmailTest" time="12.814"/>
</testsuite> <!-- tests.LoginTest -->
