<?xml version="1.0" encoding="UTF-8"?>
<!-- Generated by org.testng.reporters.JUnitReportReporter -->
<testsuite hostname="TAPAN-PC" failures="0" tests="4" name="tests.LoginTest" time="53.160" errors="0" timestamp="2022-01-01T19:21:32 EST" skipped="0">
  <testcase classname="tests.LoginTest" name="loginWithWrongEmailPasswordTest" time="14.455"/>
  <system-out/>
  <testcase classname="tests.LoginTest" name="loginWithEmptyEmailTest" time="12.596"/>
  <system-out/>
  <testcase classname="tests.LoginTest" name="loginWithEmptyPasswordTest" time="12.886"/>
  <system-out/>
  <testcase classname="tests.LoginTest" name="loginWithinvalidEmailTest" time="13.223"/>
  <system-out/>
</testsuite> <!-- tests.LoginTest -->
