<?xml version="1.0" encoding="UTF-8"?>
<!-- Generated by org.testng.reporters.JUnitReportReporter -->
<testsuite hostname="TAPAN-PC" failures="0" tests="4" name="tests.LoginTest" time="53.271" errors="0" timestamp="2022-01-05T19:05:40 EST" skipped="0">
  <testcase classname="tests.LoginTest" name="loginWithWrongEmailPasswordTest" time="13.176"/>
  <system-out/>
  <testcase classname="tests.LoginTest" name="loginWithEmptyEmailTest" time="12.616"/>
  <system-out/>
  <testcase classname="tests.LoginTest" name="loginWithEmptyPasswordTest" time="14.202"/>
  <system-out/>
  <testcase classname="tests.LoginTest" name="loginWithinvalidEmailTest" time="13.277"/>
  <system-out/>
</testsuite> <!-- tests.LoginTest -->
