<?xml version="1.0" encoding="UTF-8"?>
<!-- Generated by org.testng.reporters.JUnitReportReporter -->
<testsuite hostname="TAPAN-PC" failures="0" tests="4" name="tests.LoginTest" time="50.815" errors="0" timestamp="2022-01-05T18:31:52 EST" skipped="0">
  <testcase classname="tests.LoginTest" name="loginWithWrongEmailPasswordTest" time="12.212"/>
  <system-out/>
  <testcase classname="tests.LoginTest" name="loginWithEmptyEmailTest" time="12.168"/>
  <system-out/>
  <testcase classname="tests.LoginTest" name="loginWithEmptyPasswordTest" time="13.508"/>
  <system-out/>
  <testcase classname="tests.LoginTest" name="loginWithinvalidEmailTest" time="12.927"/>
  <system-out/>
</testsuite> <!-- tests.LoginTest -->
