<?xml version="1.0" encoding="UTF-8"?>
<!-- Generated by org.testng.reporters.JUnitReportReporter -->
<testsuite hostname="TAPAN-PC" failures="0" tests="4" name="tests.LoginTest" time="113.097" errors="0" timestamp="2022-01-05T21:15:11 EST" skipped="0">
  <testcase classname="tests.LoginTest" name="loginWithWrongEmailPasswordTest" time="23.005"/>
  <system-out/>
  <testcase classname="tests.LoginTest" name="loginWithEmptyEmailTest" time="64.774"/>
  <system-out/>
  <testcase classname="tests.LoginTest" name="loginWithEmptyPasswordTest" time="13.480"/>
  <system-out/>
  <testcase classname="tests.LoginTest" name="loginWithinvalidEmailTest" time="11.838"/>
  <system-out/>
</testsuite> <!-- tests.LoginTest -->
