<?xml version="1.0" encoding="UTF-8"?>
<!-- Generated by org.testng.reporters.JUnitReportReporter -->
<testsuite hostname="TAPAN-PC" failures="0" tests="4" name="tests.LoginTest" time="52.415" errors="0" timestamp="05 Jan. 2022 01:37:14 GMT" skipped="0">
  <testcase classname="tests.LoginTest" name="loginWithWrongEmailPasswordTest" time="12.122"/>
  <testcase classname="tests.LoginTest" name="loginWithEmptyEmailTest" time="14.819"/>
  <testcase classname="tests.LoginTest" name="loginWithEmptyPasswordTest" time="13.084"/>
  <testcase classname="tests.LoginTest" name="loginWithinvalidEmailTest" time="12.390"/>
</testsuite> <!-- tests.LoginTest -->
